<?xml version="1.0" encoding="UTF-8"?>
<!-- Generated by org.testng.reporters.JUnitReportReporter -->
<testsuite skipped="0" hostname="DESKTOP-EDMK4HD" name="WorkFlowTest.ClearTripTest" tests="1" failures="0" timestamp="2021-09-30T11:14:53 IST" time="199.628" errors="0">
  <testcase name="Test" time="199.628" classname="WorkFlowTest.ClearTripTest"/>
  <system-out/>
</testsuite> <!-- WorkFlowTest.ClearTripTest -->
